  BaMen.cpp
  BaZhaShen.cpp
  DiZhi.cpp
  DiZhi_Chen.cpp
  DiZhi_Chou.cpp
  DiZhi_Hai.cpp
  DiZhi_Mao.cpp
  DiZhi_Shen.cpp
  DiZhi_Si.cpp
  DiZhi_Wei.cpp
  DiZhi_Wu.cpp
  DiZhi_Xu.cpp
  DiZhi_Yin.cpp
  DiZhi_You.cpp
  DiZhi_Zi.cpp
  Ganzhi.cpp
  Gan_Zhi.cpp
  Gua.cpp
  GuiShen.cpp
  Huo.cpp
  正在生成代码...
  正在编译...
  Jin.cpp
  JinKouJue.cpp
  JiuXing.cpp
  LiuRen.cpp
  month.cpp
  Mu.cpp
  QiMenDunJia.cpp
  QiYi.cpp
  ShenSha.cpp
  Shui.cpp
  SixRen.cpp
  Tiangan.cpp
  TianGan_Bing.cpp
  TianGan_Ding.cpp
  TianGan_Geng.cpp
  TianGan_Gui.cpp
  TianGan_Ji.cpp
  TianGan_Jia.cpp
  TianGan_Ren.cpp
  TianGan_Wu.cpp
  正在生成代码...
  正在编译...
  TianGan_Xin.cpp
  TianGan_Yi.cpp
  Tu.cpp
  Xing.cpp
  正在生成代码...
  shushulib.vcxproj -> D:\xulun\shushulib\x64\Debug\shushulib.exe
